
2025-06-09 18:19:15 crtsurfdata 开始运行
2025-06-09 18:19:15 生成数据文件/tmp/idc/surfdata/SURF_ZH_20250609181900_217589.csv成功，数据时间20250609181900，记录数839。
2025-06-09 18:19:15 生成数据文件/tmp/idc/surfdata/SURF_ZH_20250609181900_217589.xml成功，数据时间20250609181900，记录数839。
2025-06-09 18:19:15 生成数据文件/tmp/idc/surfdata/SURF_ZH_20250609181900_217589.json成功，数据时间20250609181900，记录数839。
2025-06-09 18:19:15 crtsurfdata 运行结束
2025-06-09 18:19:27 crtsurfdata 开始运行
2025-06-09 18:19:27 生成数据文件/tmp/idc/surfdata/SURF_ZH_20250609181900_217604.csv成功，数据时间20250609181900，记录数839。
2025-06-09 18:19:27 生成数据文件/tmp/idc/surfdata/SURF_ZH_20250609181900_217604.xml成功，数据时间20250609181900，记录数839。
2025-06-09 18:19:27 生成数据文件/tmp/idc/surfdata/SURF_ZH_20250609181900_217604.json成功，数据时间20250609181900，记录数839。
2025-06-09 18:19:27 crtsurfdata 运行结束
2025-06-09 18:19:43 crtsurfdata 开始运行
2025-06-09 18:19:43 生成数据文件/tmp/idc/surfdata/SURF_ZH_20250609181900_217620.csv成功，数据时间20250609181900，记录数839。
2025-06-09 18:19:43 生成数据文件/tmp/idc/surfdata/SURF_ZH_20250609181900_217620.xml成功，数据时间20250609181900，记录数839。
2025-06-09 18:19:43 生成数据文件/tmp/idc/surfdata/SURF_ZH_20250609181900_217620.json成功，数据时间20250609181900，记录数839。
2025-06-09 18:19:43 crtsurfdata 运行结束
2025-06-09 18:19:48 crtsurfdata 开始运行
2025-06-09 18:19:48 生成数据文件/tmp/idc/surfdata/SURF_ZH_20250609181900_217628.csv成功，数据时间20250609181900，记录数839。
2025-06-09 18:19:48 生成数据文件/tmp/idc/surfdata/SURF_ZH_20250609181900_217628.xml成功，数据时间20250609181900，记录数839。
2025-06-09 18:19:48 生成数据文件/tmp/idc/surfdata/SURF_ZH_20250609181900_217628.json成功，数据时间20250609181900，记录数839。
2025-06-09 18:19:48 crtsurfdata 运行结束
2025-06-09 18:20:15 crtsurfdata 开始运行
2025-06-09 18:20:15 生成数据文件/tmp/idc/surfdata/SURF_ZH_20250609182000_217794.csv成功，数据时间20250609182000，记录数839。
2025-06-09 18:20:15 生成数据文件/tmp/idc/surfdata/SURF_ZH_20250609182000_217794.xml成功，数据时间20250609182000，记录数839。
2025-06-09 18:20:15 生成数据文件/tmp/idc/surfdata/SURF_ZH_20250609182000_217794.json成功，数据时间20250609182000，记录数839。
2025-06-09 18:20:15 crtsurfdata 运行结束
2025-06-09 18:20:27 crtsurfdata 开始运行
2025-06-09 18:20:27 生成数据文件/tmp/idc/surfdata/SURF_ZH_20250609182000_217861.csv成功，数据时间20250609182000，记录数839。
2025-06-09 18:20:27 生成数据文件/tmp/idc/surfdata/SURF_ZH_20250609182000_217861.xml成功，数据时间20250609182000，记录数839。
2025-06-09 18:20:27 生成数据文件/tmp/idc/surfdata/SURF_ZH_20250609182000_217861.json成功，数据时间20250609182000，记录数839。
2025-06-09 18:20:27 crtsurfdata 运行结束
2025-06-09 18:20:43 crtsurfdata 开始运行
2025-06-09 18:20:43 生成数据文件/tmp/idc/surfdata/SURF_ZH_20250609182000_217872.csv成功，数据时间20250609182000，记录数839。
2025-06-09 18:20:43 生成数据文件/tmp/idc/surfdata/SURF_ZH_20250609182000_217872.xml成功，数据时间20250609182000，记录数839。
2025-06-09 18:20:43 生成数据文件/tmp/idc/surfdata/SURF_ZH_20250609182000_217872.json成功，数据时间20250609182000，记录数839。
2025-06-09 18:20:43 crtsurfdata 运行结束
2025-06-09 18:20:48 crtsurfdata 开始运行
2025-06-09 18:20:48 生成数据文件/tmp/idc/surfdata/SURF_ZH_20250609182000_217886.csv成功，数据时间20250609182000，记录数839。
2025-06-09 18:20:48 生成数据文件/tmp/idc/surfdata/SURF_ZH_20250609182000_217886.xml成功，数据时间20250609182000，记录数839。
2025-06-09 18:20:48 生成数据文件/tmp/idc/surfdata/SURF_ZH_20250609182000_217886.json成功，数据时间20250609182000，记录数839。
2025-06-09 18:20:48 crtsurfdata 运行结束
2025-06-09 18:21:15 crtsurfdata 开始运行
2025-06-09 18:21:15 生成数据文件/tmp/idc/surfdata/SURF_ZH_20250609182100_218001.csv成功，数据时间20250609182100，记录数839。
2025-06-09 18:21:15 生成数据文件/tmp/idc/surfdata/SURF_ZH_20250609182100_218001.xml成功，数据时间20250609182100，记录数839。
2025-06-09 18:21:15 生成数据文件/tmp/idc/surfdata/SURF_ZH_20250609182100_218001.json成功，数据时间20250609182100，记录数839。
2025-06-09 18:21:15 crtsurfdata 运行结束
2025-06-09 18:21:27 crtsurfdata 开始运行
2025-06-09 18:21:27 生成数据文件/tmp/idc/surfdata/SURF_ZH_20250609182100_218088.csv成功，数据时间20250609182100，记录数839。
2025-06-09 18:21:27 生成数据文件/tmp/idc/surfdata/SURF_ZH_20250609182100_218088.xml成功，数据时间20250609182100，记录数839。
2025-06-09 18:21:27 生成数据文件/tmp/idc/surfdata/SURF_ZH_20250609182100_218088.json成功，数据时间20250609182100，记录数839。
2025-06-09 18:21:27 crtsurfdata 运行结束
2025-06-09 18:21:43 crtsurfdata 开始运行
2025-06-09 18:21:43 生成数据文件/tmp/idc/surfdata/SURF_ZH_20250609182100_218165.csv成功，数据时间20250609182100，记录数839。
2025-06-09 18:21:43 生成数据文件/tmp/idc/surfdata/SURF_ZH_20250609182100_218165.xml成功，数据时间20250609182100，记录数839。
2025-06-09 18:21:43 生成数据文件/tmp/idc/surfdata/SURF_ZH_20250609182100_218165.json成功，数据时间20250609182100，记录数839。
2025-06-09 18:21:43 crtsurfdata 运行结束
2025-06-09 18:32:08 crtsurfdata 开始运行
2025-06-09 18:32:08 生成数据文件/tmp/idc/surfdata/SURF_ZH_20250609183200_218874.csv成功，数据时间20250609183200，记录数839。
2025-06-09 18:32:08 生成数据文件/tmp/idc/surfdata/SURF_ZH_20250609183200_218874.xml成功，数据时间20250609183200，记录数839。
2025-06-09 18:32:08 生成数据文件/tmp/idc/surfdata/SURF_ZH_20250609183200_218874.json成功，数据时间20250609183200，记录数839。
2025-06-09 18:32:08 crtsurfdata 运行结束
2025-06-09 18:33:08 crtsurfdata 开始运行
2025-06-09 18:33:08 生成数据文件/tmp/idc/surfdata/SURF_ZH_20250609183300_219337.csv成功，数据时间20250609183300，记录数839。
2025-06-09 18:33:08 生成数据文件/tmp/idc/surfdata/SURF_ZH_20250609183300_219337.xml成功，数据时间20250609183300，记录数839。
2025-06-09 18:33:08 生成数据文件/tmp/idc/surfdata/SURF_ZH_20250609183300_219337.json成功，数据时间20250609183300，记录数839。
2025-06-09 18:33:08 crtsurfdata 运行结束
2025-06-09 18:34:08 crtsurfdata 开始运行
2025-06-09 18:34:08 生成数据文件/tmp/idc/surfdata/SURF_ZH_20250609183400_219382.csv成功，数据时间20250609183400，记录数839。
2025-06-09 18:34:08 生成数据文件/tmp/idc/surfdata/SURF_ZH_20250609183400_219382.xml成功，数据时间20250609183400，记录数839。
2025-06-09 18:34:08 生成数据文件/tmp/idc/surfdata/SURF_ZH_20250609183400_219382.json成功，数据时间20250609183400，记录数839。
2025-06-09 18:34:08 crtsurfdata 运行结束
2025-06-09 18:35:08 crtsurfdata 开始运行
2025-06-09 18:35:08 生成数据文件/tmp/idc/surfdata/SURF_ZH_20250609183500_219418.csv成功，数据时间20250609183500，记录数839。
2025-06-09 18:35:08 生成数据文件/tmp/idc/surfdata/SURF_ZH_20250609183500_219418.xml成功，数据时间20250609183500，记录数839。
2025-06-09 18:35:08 生成数据文件/tmp/idc/surfdata/SURF_ZH_20250609183500_219418.json成功，数据时间20250609183500，记录数839。
2025-06-09 18:35:08 crtsurfdata 运行结束
2025-06-09 18:36:08 crtsurfdata 开始运行
2025-06-09 18:36:08 生成数据文件/tmp/idc/surfdata/SURF_ZH_20250609183600_219711.csv成功，数据时间20250609183600，记录数839。
2025-06-09 18:36:08 生成数据文件/tmp/idc/surfdata/SURF_ZH_20250609183600_219711.xml成功，数据时间20250609183600，记录数839。
2025-06-09 18:36:08 生成数据文件/tmp/idc/surfdata/SURF_ZH_20250609183600_219711.json成功，数据时间20250609183600，记录数839。
2025-06-09 18:36:08 crtsurfdata 运行结束
2025-06-23 10:21:56 crtsurfdata 开始运行
2025-06-23 10:21:56 生成数据文件/tmp/idc/surfdata/SURF_ZH_20250623102100_7763.csv成功，数据时间20250623102100，记录数839。
2025-06-23 10:21:56 生成数据文件/tmp/idc/surfdata/SURF_ZH_20250623102100_7763.xml成功，数据时间20250623102100，记录数839。
2025-06-23 10:21:56 生成数据文件/tmp/idc/surfdata/SURF_ZH_20250623102100_7763.json成功，数据时间20250623102100，记录数839。
2025-06-23 10:21:56 crtsurfdata 运行结束
2025-06-23 10:22:56 crtsurfdata 开始运行
2025-06-23 10:22:56 生成数据文件/tmp/idc/surfdata/SURF_ZH_20250623102200_8028.csv成功，数据时间20250623102200，记录数839。
2025-06-23 10:22:56 生成数据文件/tmp/idc/surfdata/SURF_ZH_20250623102200_8028.xml成功，数据时间20250623102200，记录数839。
2025-06-23 10:22:56 生成数据文件/tmp/idc/surfdata/SURF_ZH_20250623102200_8028.json成功，数据时间20250623102200，记录数839。
2025-06-23 10:22:56 crtsurfdata 运行结束
2025-06-23 10:23:56 crtsurfdata 开始运行
2025-06-23 10:23:56 生成数据文件/tmp/idc/surfdata/SURF_ZH_20250623102300_8277.csv成功，数据时间20250623102300，记录数839。
2025-06-23 10:23:56 生成数据文件/tmp/idc/surfdata/SURF_ZH_20250623102300_8277.xml成功，数据时间20250623102300，记录数839。
2025-06-23 10:23:56 生成数据文件/tmp/idc/surfdata/SURF_ZH_20250623102300_8277.json成功，数据时间20250623102300，记录数839。
2025-06-23 10:23:56 crtsurfdata 运行结束
2025-06-23 10:24:56 crtsurfdata 开始运行
2025-06-23 10:24:56 生成数据文件/tmp/idc/surfdata/SURF_ZH_20250623102400_8436.csv成功，数据时间20250623102400，记录数839。
2025-06-23 10:24:56 生成数据文件/tmp/idc/surfdata/SURF_ZH_20250623102400_8436.xml成功，数据时间20250623102400，记录数839。
2025-06-23 10:24:56 生成数据文件/tmp/idc/surfdata/SURF_ZH_20250623102400_8436.json成功，数据时间20250623102400，记录数839。
2025-06-23 10:24:56 crtsurfdata 运行结束
2025-06-23 10:25:56 crtsurfdata 开始运行
2025-06-23 10:25:56 生成数据文件/tmp/idc/surfdata/SURF_ZH_20250623102500_8463.csv成功，数据时间20250623102500，记录数839。
2025-06-23 10:25:56 生成数据文件/tmp/idc/surfdata/SURF_ZH_20250623102500_8463.xml成功，数据时间20250623102500，记录数839。
2025-06-23 10:25:56 生成数据文件/tmp/idc/surfdata/SURF_ZH_20250623102500_8463.json成功，数据时间20250623102500，记录数839。
2025-06-23 10:25:56 crtsurfdata 运行结束
2025-06-23 10:26:56 crtsurfdata 开始运行
2025-06-23 10:26:56 生成数据文件/tmp/idc/surfdata/SURF_ZH_20250623102600_8488.csv成功，数据时间20250623102600，记录数839。
2025-06-23 10:26:56 生成数据文件/tmp/idc/surfdata/SURF_ZH_20250623102600_8488.xml成功，数据时间20250623102600，记录数839。
2025-06-23 10:26:56 生成数据文件/tmp/idc/surfdata/SURF_ZH_20250623102600_8488.json成功，数据时间20250623102600，记录数839。
2025-06-23 10:26:56 crtsurfdata 运行结束
2025-06-23 10:27:56 crtsurfdata 开始运行
2025-06-23 10:27:56 生成数据文件/tmp/idc/surfdata/SURF_ZH_20250623102700_8523.csv成功，数据时间20250623102700，记录数839。
2025-06-23 10:27:56 生成数据文件/tmp/idc/surfdata/SURF_ZH_20250623102700_8523.xml成功，数据时间20250623102700，记录数839。
2025-06-23 10:27:56 生成数据文件/tmp/idc/surfdata/SURF_ZH_20250623102700_8523.json成功，数据时间20250623102700，记录数839。
2025-06-23 10:27:56 crtsurfdata 运行结束
2025-06-23 10:28:56 crtsurfdata 开始运行
2025-06-23 10:28:56 生成数据文件/tmp/idc/surfdata/SURF_ZH_20250623102800_8570.csv成功，数据时间20250623102800，记录数839。
2025-06-23 10:28:56 生成数据文件/tmp/idc/surfdata/SURF_ZH_20250623102800_8570.xml成功，数据时间20250623102800，记录数839。
2025-06-23 10:28:56 生成数据文件/tmp/idc/surfdata/SURF_ZH_20250623102800_8570.json成功，数据时间20250623102800，记录数839。
2025-06-23 10:28:56 crtsurfdata 运行结束
2025-06-23 10:29:56 crtsurfdata 开始运行
2025-06-23 10:29:56 生成数据文件/tmp/idc/surfdata/SURF_ZH_20250623102900_8680.csv成功，数据时间20250623102900，记录数839。
2025-06-23 10:29:56 生成数据文件/tmp/idc/surfdata/SURF_ZH_20250623102900_8680.xml成功，数据时间20250623102900，记录数839。
2025-06-23 10:29:56 生成数据文件/tmp/idc/surfdata/SURF_ZH_20250623102900_8680.json成功，数据时间20250623102900，记录数839。
2025-06-23 10:29:56 crtsurfdata 运行结束
2025-06-23 10:30:56 crtsurfdata 开始运行
2025-06-23 10:30:56 生成数据文件/tmp/idc/surfdata/SURF_ZH_20250623103000_9173.csv成功，数据时间20250623103000，记录数839。
2025-06-23 10:30:56 生成数据文件/tmp/idc/surfdata/SURF_ZH_20250623103000_9173.xml成功，数据时间20250623103000，记录数839。
2025-06-23 10:30:56 生成数据文件/tmp/idc/surfdata/SURF_ZH_20250623103000_9173.json成功，数据时间20250623103000，记录数839。
2025-06-23 10:30:56 crtsurfdata 运行结束
2025-06-23 10:31:56 crtsurfdata 开始运行
2025-06-23 10:31:56 生成数据文件/tmp/idc/surfdata/SURF_ZH_20250623103100_9189.csv成功，数据时间20250623103100，记录数839。
2025-06-23 10:31:56 生成数据文件/tmp/idc/surfdata/SURF_ZH_20250623103100_9189.xml成功，数据时间20250623103100，记录数839。
2025-06-23 10:31:56 生成数据文件/tmp/idc/surfdata/SURF_ZH_20250623103100_9189.json成功，数据时间20250623103100，记录数839。
2025-06-23 10:31:56 crtsurfdata 运行结束
2025-06-23 10:32:56 crtsurfdata 开始运行
2025-06-23 10:32:56 生成数据文件/tmp/idc/surfdata/SURF_ZH_20250623103200_9203.csv成功，数据时间20250623103200，记录数839。
2025-06-23 10:32:56 生成数据文件/tmp/idc/surfdata/SURF_ZH_20250623103200_9203.xml成功，数据时间20250623103200，记录数839。
2025-06-23 10:32:56 生成数据文件/tmp/idc/surfdata/SURF_ZH_20250623103200_9203.json成功，数据时间20250623103200，记录数839。
2025-06-23 10:32:56 crtsurfdata 运行结束
2025-06-23 10:33:56 crtsurfdata 开始运行
2025-06-23 10:33:56 生成数据文件/tmp/idc/surfdata/SURF_ZH_20250623103300_9233.csv成功，数据时间20250623103300，记录数839。
2025-06-23 10:33:56 生成数据文件/tmp/idc/surfdata/SURF_ZH_20250623103300_9233.xml成功，数据时间20250623103300，记录数839。
2025-06-23 10:33:56 生成数据文件/tmp/idc/surfdata/SURF_ZH_20250623103300_9233.json成功，数据时间20250623103300，记录数839。
2025-06-23 10:33:56 crtsurfdata 运行结束
2025-06-23 10:34:56 crtsurfdata 开始运行
2025-06-23 10:34:56 生成数据文件/tmp/idc/surfdata/SURF_ZH_20250623103400_9293.csv成功，数据时间20250623103400，记录数839。
2025-06-23 10:34:56 生成数据文件/tmp/idc/surfdata/SURF_ZH_20250623103400_9293.xml成功，数据时间20250623103400，记录数839。
2025-06-23 10:34:56 生成数据文件/tmp/idc/surfdata/SURF_ZH_20250623103400_9293.json成功，数据时间20250623103400，记录数839。
2025-06-23 10:34:56 crtsurfdata 运行结束
2025-06-23 10:35:56 crtsurfdata 开始运行
2025-06-23 10:35:56 生成数据文件/tmp/idc/surfdata/SURF_ZH_20250623103500_9318.csv成功，数据时间20250623103500，记录数839。
2025-06-23 10:35:56 生成数据文件/tmp/idc/surfdata/SURF_ZH_20250623103500_9318.xml成功，数据时间20250623103500，记录数839。
2025-06-23 10:35:56 生成数据文件/tmp/idc/surfdata/SURF_ZH_20250623103500_9318.json成功，数据时间20250623103500，记录数839。
2025-06-23 10:35:56 crtsurfdata 运行结束
2025-06-23 10:36:56 crtsurfdata 开始运行
2025-06-23 10:36:56 生成数据文件/tmp/idc/surfdata/SURF_ZH_20250623103600_9585.csv成功，数据时间20250623103600，记录数839。
2025-06-23 10:36:56 生成数据文件/tmp/idc/surfdata/SURF_ZH_20250623103600_9585.xml成功，数据时间20250623103600，记录数839。
2025-06-23 10:36:56 生成数据文件/tmp/idc/surfdata/SURF_ZH_20250623103600_9585.json成功，数据时间20250623103600，记录数839。
2025-06-23 10:36:56 crtsurfdata 运行结束
2025-06-23 10:37:56 crtsurfdata 开始运行
2025-06-23 10:37:56 生成数据文件/tmp/idc/surfdata/SURF_ZH_20250623103700_9619.csv成功，数据时间20250623103700，记录数839。
2025-06-23 10:37:56 生成数据文件/tmp/idc/surfdata/SURF_ZH_20250623103700_9619.xml成功，数据时间20250623103700，记录数839。
2025-06-23 10:37:56 生成数据文件/tmp/idc/surfdata/SURF_ZH_20250623103700_9619.json成功，数据时间20250623103700，记录数839。
2025-06-23 10:37:56 crtsurfdata 运行结束
2025-06-23 10:38:56 crtsurfdata 开始运行
2025-06-23 10:38:56 生成数据文件/tmp/idc/surfdata/SURF_ZH_20250623103800_9653.csv成功，数据时间20250623103800，记录数839。
2025-06-23 10:38:56 生成数据文件/tmp/idc/surfdata/SURF_ZH_20250623103800_9653.xml成功，数据时间20250623103800，记录数839。
2025-06-23 10:38:56 生成数据文件/tmp/idc/surfdata/SURF_ZH_20250623103800_9653.json成功，数据时间20250623103800，记录数839。
2025-06-23 10:38:56 crtsurfdata 运行结束
2025-06-23 10:39:56 crtsurfdata 开始运行
2025-06-23 10:39:56 生成数据文件/tmp/idc/surfdata/SURF_ZH_20250623103900_9670.csv成功，数据时间20250623103900，记录数839。
2025-06-23 10:39:56 生成数据文件/tmp/idc/surfdata/SURF_ZH_20250623103900_9670.xml成功，数据时间20250623103900，记录数839。
2025-06-23 10:39:56 生成数据文件/tmp/idc/surfdata/SURF_ZH_20250623103900_9670.json成功，数据时间20250623103900，记录数839。
2025-06-23 10:39:56 crtsurfdata 运行结束
2025-06-23 10:40:56 crtsurfdata 开始运行
2025-06-23 10:40:56 生成数据文件/tmp/idc/surfdata/SURF_ZH_20250623104000_9694.csv成功，数据时间20250623104000，记录数839。
2025-06-23 10:40:56 生成数据文件/tmp/idc/surfdata/SURF_ZH_20250623104000_9694.xml成功，数据时间20250623104000，记录数839。
2025-06-23 10:40:56 生成数据文件/tmp/idc/surfdata/SURF_ZH_20250623104000_9694.json成功，数据时间20250623104000，记录数839。
2025-06-23 10:40:56 crtsurfdata 运行结束
2025-06-23 10:41:56 crtsurfdata 开始运行
2025-06-23 10:41:56 生成数据文件/tmp/idc/surfdata/SURF_ZH_20250623104100_10019.csv成功，数据时间20250623104100，记录数839。
2025-06-23 10:41:56 生成数据文件/tmp/idc/surfdata/SURF_ZH_20250623104100_10019.xml成功，数据时间20250623104100，记录数839。
2025-06-23 10:41:56 生成数据文件/tmp/idc/surfdata/SURF_ZH_20250623104100_10019.json成功，数据时间20250623104100，记录数839。
2025-06-23 10:41:56 crtsurfdata 运行结束
2025-06-23 10:42:56 crtsurfdata 开始运行
2025-06-23 10:42:56 生成数据文件/tmp/idc/surfdata/SURF_ZH_20250623104200_10229.csv成功，数据时间20250623104200，记录数839。
2025-06-23 10:42:56 生成数据文件/tmp/idc/surfdata/SURF_ZH_20250623104200_10229.xml成功，数据时间20250623104200，记录数839。
2025-06-23 10:42:56 生成数据文件/tmp/idc/surfdata/SURF_ZH_20250623104200_10229.json成功，数据时间20250623104200，记录数839。
2025-06-23 10:42:56 crtsurfdata 运行结束
2025-06-23 10:43:56 crtsurfdata 开始运行
2025-06-23 10:43:56 生成数据文件/tmp/idc/surfdata/SURF_ZH_20250623104300_10245.csv成功，数据时间20250623104300，记录数839。
2025-06-23 10:43:56 生成数据文件/tmp/idc/surfdata/SURF_ZH_20250623104300_10245.xml成功，数据时间20250623104300，记录数839。
2025-06-23 10:43:56 生成数据文件/tmp/idc/surfdata/SURF_ZH_20250623104300_10245.json成功，数据时间20250623104300，记录数839。
2025-06-23 10:43:56 crtsurfdata 运行结束
2025-06-23 10:44:56 crtsurfdata 开始运行
2025-06-23 10:44:56 生成数据文件/tmp/idc/surfdata/SURF_ZH_20250623104400_10262.csv成功，数据时间20250623104400，记录数839。
2025-06-23 10:44:56 生成数据文件/tmp/idc/surfdata/SURF_ZH_20250623104400_10262.xml成功，数据时间20250623104400，记录数839。
2025-06-23 10:44:56 生成数据文件/tmp/idc/surfdata/SURF_ZH_20250623104400_10262.json成功，数据时间20250623104400，记录数839。
2025-06-23 10:44:56 crtsurfdata 运行结束
2025-06-23 10:45:56 crtsurfdata 开始运行
2025-06-23 10:45:56 生成数据文件/tmp/idc/surfdata/SURF_ZH_20250623104500_10287.csv成功，数据时间20250623104500，记录数839。
2025-06-23 10:45:56 生成数据文件/tmp/idc/surfdata/SURF_ZH_20250623104500_10287.xml成功，数据时间20250623104500，记录数839。
2025-06-23 10:45:56 生成数据文件/tmp/idc/surfdata/SURF_ZH_20250623104500_10287.json成功，数据时间20250623104500，记录数839。
2025-06-23 10:45:56 crtsurfdata 运行结束
2025-06-23 10:46:56 crtsurfdata 开始运行
2025-06-23 10:46:56 生成数据文件/tmp/idc/surfdata/SURF_ZH_20250623104600_10304.csv成功，数据时间20250623104600，记录数839。
2025-06-23 10:46:56 生成数据文件/tmp/idc/surfdata/SURF_ZH_20250623104600_10304.xml成功，数据时间20250623104600，记录数839。
2025-06-23 10:46:56 生成数据文件/tmp/idc/surfdata/SURF_ZH_20250623104600_10304.json成功，数据时间20250623104600，记录数839。
2025-06-23 10:46:56 crtsurfdata 运行结束
2025-06-23 10:47:56 crtsurfdata 开始运行
2025-06-23 10:47:56 生成数据文件/tmp/idc/surfdata/SURF_ZH_20250623104700_10321.csv成功，数据时间20250623104700，记录数839。
2025-06-23 10:47:56 生成数据文件/tmp/idc/surfdata/SURF_ZH_20250623104700_10321.xml成功，数据时间20250623104700，记录数839。
2025-06-23 10:47:56 生成数据文件/tmp/idc/surfdata/SURF_ZH_20250623104700_10321.json成功，数据时间20250623104700，记录数839。
2025-06-23 10:47:56 crtsurfdata 运行结束
2025-06-23 10:48:56 crtsurfdata 开始运行
2025-06-23 10:48:56 生成数据文件/tmp/idc/surfdata/SURF_ZH_20250623104800_10346.csv成功，数据时间20250623104800，记录数839。
2025-06-23 10:48:56 生成数据文件/tmp/idc/surfdata/SURF_ZH_20250623104800_10346.xml成功，数据时间20250623104800，记录数839。
2025-06-23 10:48:57 生成数据文件/tmp/idc/surfdata/SURF_ZH_20250623104800_10346.json成功，数据时间20250623104800，记录数839。
2025-06-23 10:48:57 crtsurfdata 运行结束
2025-06-23 10:49:57 crtsurfdata 开始运行
2025-06-23 10:49:57 生成数据文件/tmp/idc/surfdata/SURF_ZH_20250623104900_10440.csv成功，数据时间20250623104900，记录数839。
2025-06-23 10:49:57 生成数据文件/tmp/idc/surfdata/SURF_ZH_20250623104900_10440.xml成功，数据时间20250623104900，记录数839。
2025-06-23 10:49:57 生成数据文件/tmp/idc/surfdata/SURF_ZH_20250623104900_10440.json成功，数据时间20250623104900，记录数839。
2025-06-23 10:49:57 crtsurfdata 运行结束
2025-06-23 10:50:57 crtsurfdata 开始运行
2025-06-23 10:50:57 生成数据文件/tmp/idc/surfdata/SURF_ZH_20250623105000_10638.csv成功，数据时间20250623105000，记录数839。
2025-06-23 10:50:57 生成数据文件/tmp/idc/surfdata/SURF_ZH_20250623105000_10638.xml成功，数据时间20250623105000，记录数839。
2025-06-23 10:50:57 生成数据文件/tmp/idc/surfdata/SURF_ZH_20250623105000_10638.json成功，数据时间20250623105000，记录数839。
2025-06-23 10:50:57 crtsurfdata 运行结束
2025-06-23 10:51:57 crtsurfdata 开始运行
2025-06-23 10:51:57 生成数据文件/tmp/idc/surfdata/SURF_ZH_20250623105100_10867.csv成功，数据时间20250623105100，记录数839。
2025-06-23 10:51:57 生成数据文件/tmp/idc/surfdata/SURF_ZH_20250623105100_10867.xml成功，数据时间20250623105100，记录数839。
2025-06-23 10:51:57 生成数据文件/tmp/idc/surfdata/SURF_ZH_20250623105100_10867.json成功，数据时间20250623105100，记录数839。
2025-06-23 10:51:57 crtsurfdata 运行结束
2025-06-23 10:52:57 crtsurfdata 开始运行
2025-06-23 10:52:57 生成数据文件/tmp/idc/surfdata/SURF_ZH_20250623105200_10950.csv成功，数据时间20250623105200，记录数839。
2025-06-23 10:52:57 生成数据文件/tmp/idc/surfdata/SURF_ZH_20250623105200_10950.xml成功，数据时间20250623105200，记录数839。
2025-06-23 10:52:57 生成数据文件/tmp/idc/surfdata/SURF_ZH_20250623105200_10950.json成功，数据时间20250623105200，记录数839。
2025-06-23 10:52:57 crtsurfdata 运行结束
2025-06-23 10:53:57 crtsurfdata 开始运行
2025-06-23 10:53:57 生成数据文件/tmp/idc/surfdata/SURF_ZH_20250623105300_10974.csv成功，数据时间20250623105300，记录数839。
2025-06-23 10:53:57 生成数据文件/tmp/idc/surfdata/SURF_ZH_20250623105300_10974.xml成功，数据时间20250623105300，记录数839。
2025-06-23 10:53:57 生成数据文件/tmp/idc/surfdata/SURF_ZH_20250623105300_10974.json成功，数据时间20250623105300，记录数839。
2025-06-23 10:53:57 crtsurfdata 运行结束
2025-06-23 10:54:57 crtsurfdata 开始运行
2025-06-23 10:54:57 生成数据文件/tmp/idc/surfdata/SURF_ZH_20250623105400_11437.csv成功，数据时间20250623105400，记录数839。
2025-06-23 10:54:57 生成数据文件/tmp/idc/surfdata/SURF_ZH_20250623105400_11437.xml成功，数据时间20250623105400，记录数839。
2025-06-23 10:54:57 生成数据文件/tmp/idc/surfdata/SURF_ZH_20250623105400_11437.json成功，数据时间20250623105400，记录数839。
2025-06-23 10:54:57 crtsurfdata 运行结束
2025-06-23 10:55:57 crtsurfdata 开始运行
2025-06-23 10:55:57 生成数据文件/tmp/idc/surfdata/SURF_ZH_20250623105500_11478.csv成功，数据时间20250623105500，记录数839。
2025-06-23 10:55:57 生成数据文件/tmp/idc/surfdata/SURF_ZH_20250623105500_11478.xml成功，数据时间20250623105500，记录数839。
2025-06-23 10:55:57 生成数据文件/tmp/idc/surfdata/SURF_ZH_20250623105500_11478.json成功，数据时间20250623105500，记录数839。
2025-06-23 10:55:57 crtsurfdata 运行结束
2025-06-23 10:56:57 crtsurfdata 开始运行
2025-06-23 10:56:57 生成数据文件/tmp/idc/surfdata/SURF_ZH_20250623105600_11509.csv成功，数据时间20250623105600，记录数839。
2025-06-23 10:56:57 生成数据文件/tmp/idc/surfdata/SURF_ZH_20250623105600_11509.xml成功，数据时间20250623105600，记录数839。
2025-06-23 10:56:57 生成数据文件/tmp/idc/surfdata/SURF_ZH_20250623105600_11509.json成功，数据时间20250623105600，记录数839。
2025-06-23 10:56:57 crtsurfdata 运行结束
2025-06-23 10:57:57 crtsurfdata 开始运行
2025-06-23 10:57:57 生成数据文件/tmp/idc/surfdata/SURF_ZH_20250623105700_11542.csv成功，数据时间20250623105700，记录数839。
2025-06-23 10:57:57 生成数据文件/tmp/idc/surfdata/SURF_ZH_20250623105700_11542.xml成功，数据时间20250623105700，记录数839。
2025-06-23 10:57:57 生成数据文件/tmp/idc/surfdata/SURF_ZH_20250623105700_11542.json成功，数据时间20250623105700，记录数839。
2025-06-23 10:57:57 crtsurfdata 运行结束
2025-06-23 10:58:57 crtsurfdata 开始运行
2025-06-23 10:58:57 生成数据文件/tmp/idc/surfdata/SURF_ZH_20250623105800_11586.csv成功，数据时间20250623105800，记录数839。
2025-06-23 10:58:57 生成数据文件/tmp/idc/surfdata/SURF_ZH_20250623105800_11586.xml成功，数据时间20250623105800，记录数839。
2025-06-23 10:58:57 生成数据文件/tmp/idc/surfdata/SURF_ZH_20250623105800_11586.json成功，数据时间20250623105800，记录数839。
2025-06-23 10:58:57 crtsurfdata 运行结束
2025-06-23 10:59:54 crtsurfdata 开始运行
2025-06-23 10:59:54 生成数据文件/tmp/idc/surfdata/SURF_ZH_20250623105900_12286.csv成功，数据时间20250623105900，记录数839。
2025-06-23 10:59:54 生成数据文件/tmp/idc/surfdata/SURF_ZH_20250623105900_12286.xml成功，数据时间20250623105900，记录数839。
2025-06-23 10:59:54 生成数据文件/tmp/idc/surfdata/SURF_ZH_20250623105900_12286.json成功，数据时间20250623105900，记录数839。
2025-06-23 10:59:54 crtsurfdata 运行结束
